Could not import relationship with objects ('FIN_to_NOR', 'FIN') into 'connection__to_node': Some of the objects in relationship 'connection__to_node_FIN_to_NOR__FIN' are invalid.
Could not import relationship with objects ('FIN_to_SWE', 'FIN') into 'connection__to_node': Some of the objects in relationship 'connection__to_node_FIN_to_SWE__FIN' are invalid.
Could not import relationship with objects ('FIN_to_BAL', 'FIN') into 'connection__to_node': Some of the objects in relationship 'connection__to_node_FIN_to_BAL__FIN' are invalid.
Could not import relationship with objects ('NOR_to_SWE', 'NOR') into 'connection__to_node': Some of the objects in relationship 'connection__to_node_NOR_to_SWE__NOR' are invalid.
Could not import relationship with objects ('NOR_to_DEN', 'NOR') into 'connection__to_node': Some of the objects in relationship 'connection__to_node_NOR_to_DEN__NOR' are invalid.
Could not import relationship with objects ('SWE_to_DEN', 'SWE') into 'connection__to_node': Some of the objects in relationship 'connection__to_node_SWE_to_DEN__SWE' are invalid.
Could not import relationship with objects ('SWE_to_BAL', 'SWE') into 'connection__to_node': Some of the objects in relationship 'connection__to_node_SWE_to_BAL__SWE' are invalid.
Could not import relationship with objects ('DEN_to_BAL', 'DEN') into 'connection__to_node': Some of the objects in relationship 'connection__to_node_DEN_to_BAL__DEN' are invalid.
Could not import relationship with objects ('FIN_to_NOR', 'FIN') into 'connection__from_node': Some of the objects in relationship 'connection__from_node_FIN_to_NOR__FIN' are invalid.
Could not import relationship with objects ('FIN_to_SWE', 'FIN') into 'connection__from_node': Some of the objects in relationship 'connection__from_node_FIN_to_SWE__FIN' are invalid.
Could not import relationship with objects ('FIN_to_BAL', 'FIN') into 'connection__from_node': Some of the objects in relationship 'connection__from_node_FIN_to_BAL__FIN' are invalid.
Could not import relationship with objects ('NOR_to_SWE', 'NOR') into 'connection__from_node': Some of the objects in relationship 'connection__from_node_NOR_to_SWE__NOR' are invalid.
Could not import relationship with objects ('NOR_to_DEN', 'NOR') into 'connection__from_node': Some of the objects in relationship 'connection__from_node_NOR_to_DEN__NOR' are invalid.
Could not import relationship with objects ('SWE_to_DEN', 'SWE') into 'connection__from_node': Some of the objects in relationship 'connection__from_node_SWE_to_DEN__SWE' are invalid.
Could not import relationship with objects ('SWE_to_BAL', 'SWE') into 'connection__from_node': Some of the objects in relationship 'connection__from_node_SWE_to_BAL__SWE' are invalid.
Could not import relationship with objects ('DEN_to_BAL', 'DEN') into 'connection__from_node': Some of the objects in relationship 'connection__from_node_DEN_to_BAL__DEN' are invalid.
Could not import relationship with objects ('FIN_to_NOR', 'NOR') into 'connection__to_node': Some of the objects in relationship 'connection__to_node_FIN_to_NOR__NOR' are invalid.
Could not import relationship with objects ('FIN_to_SWE', 'SWE') into 'connection__to_node': Some of the objects in relationship 'connection__to_node_FIN_to_SWE__SWE' are invalid.
Could not import relationship with objects ('FIN_to_BAL', 'BAL') into 'connection__to_node': Some of the objects in relationship 'connection__to_node_FIN_to_BAL__BAL' are invalid.
Could not import relationship with objects ('NOR_to_SWE', 'SWE') into 'connection__to_node': Some of the objects in relationship 'connection__to_node_NOR_to_SWE__SWE' are invalid.
Could not import relationship with objects ('NOR_to_DEN', 'DEN') into 'connection__to_node': Some of the objects in relationship 'connection__to_node_NOR_to_DEN__DEN' are invalid.
Could not import relationship with objects ('SWE_to_DEN', 'DEN') into 'connection__to_node': Some of the objects in relationship 'connection__to_node_SWE_to_DEN__DEN' are invalid.
Could not import relationship with objects ('SWE_to_BAL', 'BAL') into 'connection__to_node': Some of the objects in relationship 'connection__to_node_SWE_to_BAL__BAL' are invalid.
Could not import relationship with objects ('DEN_to_BAL', 'BAL') into 'connection__to_node': Some of the objects in relationship 'connection__to_node_DEN_to_BAL__BAL' are invalid.
Could not import relationship with objects ('FIN_to_NOR', 'NOR') into 'connection__from_node': Some of the objects in relationship 'connection__from_node_FIN_to_NOR__NOR' are invalid.
Could not import relationship with objects ('FIN_to_SWE', 'SWE') into 'connection__from_node': Some of the objects in relationship 'connection__from_node_FIN_to_SWE__SWE' are invalid.
Could not import relationship with objects ('FIN_to_BAL', 'BAL') into 'connection__from_node': Some of the objects in relationship 'connection__from_node_FIN_to_BAL__BAL' are invalid.
Could not import relationship with objects ('NOR_to_SWE', 'SWE') into 'connection__from_node': Some of the objects in relationship 'connection__from_node_NOR_to_SWE__SWE' are invalid.
Could not import relationship with objects ('NOR_to_DEN', 'DEN') into 'connection__from_node': Some of the objects in relationship 'connection__from_node_NOR_to_DEN__DEN' are invalid.
Could not import relationship with objects ('SWE_to_DEN', 'DEN') into 'connection__from_node': Some of the objects in relationship 'connection__from_node_SWE_to_DEN__DEN' are invalid.
Could not import relationship with objects ('SWE_to_BAL', 'BAL') into 'connection__from_node': Some of the objects in relationship 'connection__from_node_SWE_to_BAL__BAL' are invalid.
Could not import relationship with objects ('DEN_to_BAL', 'BAL') into 'connection__from_node': Some of the objects in relationship 'connection__from_node_DEN_to_BAL__BAL' are invalid.
