Could not import relationship with objects ('BAL_wind_on', 'fuel') into 'unit__commodity': Some of the objects in relationship 'unit__commodity_BAL_wind_on__fuel' are invalid.
Could not import relationship with objects ('BAL_wind_off', 'fuel') into 'unit__commodity': Some of the objects in relationship 'unit__commodity_BAL_wind_off__fuel' are invalid.
Could not import relationship with objects ('BAL_sol', 'fuel') into 'unit__commodity': Some of the objects in relationship 'unit__commodity_BAL_sol__fuel' are invalid.
Could not import relationship with objects ('BAL_biomass', 'fuel') into 'unit__commodity': Some of the objects in relationship 'unit__commodity_BAL_biomass__fuel' are invalid.
Could not import relationship with objects ('BAL_nuclear', 'fuel') into 'unit__commodity': Some of the objects in relationship 'unit__commodity_BAL_nuclear__fuel' are invalid.
Could not import relationship with objects ('BAL_coal', 'fuel') into 'unit__commodity': Some of the objects in relationship 'unit__commodity_BAL_coal__fuel' are invalid.
Could not import relationship with objects ('BAL_gas_cc', 'fuel') into 'unit__commodity': Some of the objects in relationship 'unit__commodity_BAL_gas_cc__fuel' are invalid.
Could not import relationship with objects ('BAL_gas_oc', 'fuel') into 'unit__commodity': Some of the objects in relationship 'unit__commodity_BAL_gas_oc__fuel' are invalid.
Could not import relationship with objects ('DEN_wind_on', 'fuel') into 'unit__commodity': Some of the objects in relationship 'unit__commodity_DEN_wind_on__fuel' are invalid.
Could not import relationship with objects ('DEN_wind_off', 'fuel') into 'unit__commodity': Some of the objects in relationship 'unit__commodity_DEN_wind_off__fuel' are invalid.
Could not import relationship with objects ('DEN_sol', 'fuel') into 'unit__commodity': Some of the objects in relationship 'unit__commodity_DEN_sol__fuel' are invalid.
Could not import relationship with objects ('DEN_biomass', 'fuel') into 'unit__commodity': Some of the objects in relationship 'unit__commodity_DEN_biomass__fuel' are invalid.
Could not import relationship with objects ('DEN_nuclear', 'fuel') into 'unit__commodity': Some of the objects in relationship 'unit__commodity_DEN_nuclear__fuel' are invalid.
Could not import relationship with objects ('DEN_coal', 'fuel') into 'unit__commodity': Some of the objects in relationship 'unit__commodity_DEN_coal__fuel' are invalid.
Could not import relationship with objects ('DEN_gas_cc', 'fuel') into 'unit__commodity': Some of the objects in relationship 'unit__commodity_DEN_gas_cc__fuel' are invalid.
Could not import relationship with objects ('DEN_gas_oc', 'fuel') into 'unit__commodity': Some of the objects in relationship 'unit__commodity_DEN_gas_oc__fuel' are invalid.
Could not import relationship with objects ('FIN_wind_on', 'fuel') into 'unit__commodity': Some of the objects in relationship 'unit__commodity_FIN_wind_on__fuel' are invalid.
Could not import relationship with objects ('FIN_wind_off', 'fuel') into 'unit__commodity': Some of the objects in relationship 'unit__commodity_FIN_wind_off__fuel' are invalid.
Could not import relationship with objects ('FIN_sol', 'fuel') into 'unit__commodity': Some of the objects in relationship 'unit__commodity_FIN_sol__fuel' are invalid.
Could not import relationship with objects ('FIN_biomass', 'fuel') into 'unit__commodity': Some of the objects in relationship 'unit__commodity_FIN_biomass__fuel' are invalid.
Could not import relationship with objects ('FIN_nuclear', 'fuel') into 'unit__commodity': Some of the objects in relationship 'unit__commodity_FIN_nuclear__fuel' are invalid.
Could not import relationship with objects ('FIN_coal', 'fuel') into 'unit__commodity': Some of the objects in relationship 'unit__commodity_FIN_coal__fuel' are invalid.
Could not import relationship with objects ('FIN_gas_cc', 'fuel') into 'unit__commodity': Some of the objects in relationship 'unit__commodity_FIN_gas_cc__fuel' are invalid.
Could not import relationship with objects ('FIN_gas_oc', 'fuel') into 'unit__commodity': Some of the objects in relationship 'unit__commodity_FIN_gas_oc__fuel' are invalid.
Could not import relationship with objects ('NOR_wind_on', 'fuel') into 'unit__commodity': Some of the objects in relationship 'unit__commodity_NOR_wind_on__fuel' are invalid.
Could not import relationship with objects ('NOR_wind_off', 'fuel') into 'unit__commodity': Some of the objects in relationship 'unit__commodity_NOR_wind_off__fuel' are invalid.
Could not import relationship with objects ('NOR_sol', 'fuel') into 'unit__commodity': Some of the objects in relationship 'unit__commodity_NOR_sol__fuel' are invalid.
Could not import relationship with objects ('NOR_biomass', 'fuel') into 'unit__commodity': Some of the objects in relationship 'unit__commodity_NOR_biomass__fuel' are invalid.
Could not import relationship with objects ('NOR_nuclear', 'fuel') into 'unit__commodity': Some of the objects in relationship 'unit__commodity_NOR_nuclear__fuel' are invalid.
Could not import relationship with objects ('NOR_coal', 'fuel') into 'unit__commodity': Some of the objects in relationship 'unit__commodity_NOR_coal__fuel' are invalid.
Could not import relationship with objects ('NOR_gas_cc', 'fuel') into 'unit__commodity': Some of the objects in relationship 'unit__commodity_NOR_gas_cc__fuel' are invalid.
Could not import relationship with objects ('NOR_gas_oc', 'fuel') into 'unit__commodity': Some of the objects in relationship 'unit__commodity_NOR_gas_oc__fuel' are invalid.
Could not import relationship with objects ('SWE_wind_on', 'fuel') into 'unit__commodity': Some of the objects in relationship 'unit__commodity_SWE_wind_on__fuel' are invalid.
Could not import relationship with objects ('SWE_wind_off', 'fuel') into 'unit__commodity': Some of the objects in relationship 'unit__commodity_SWE_wind_off__fuel' are invalid.
Could not import relationship with objects ('SWE_sol', 'fuel') into 'unit__commodity': Some of the objects in relationship 'unit__commodity_SWE_sol__fuel' are invalid.
Could not import relationship with objects ('SWE_biomass', 'fuel') into 'unit__commodity': Some of the objects in relationship 'unit__commodity_SWE_biomass__fuel' are invalid.
Could not import relationship with objects ('SWE_nuclear', 'fuel') into 'unit__commodity': Some of the objects in relationship 'unit__commodity_SWE_nuclear__fuel' are invalid.
Could not import relationship with objects ('SWE_coal', 'fuel') into 'unit__commodity': Some of the objects in relationship 'unit__commodity_SWE_coal__fuel' are invalid.
Could not import relationship with objects ('SWE_gas_cc', 'fuel') into 'unit__commodity': Some of the objects in relationship 'unit__commodity_SWE_gas_cc__fuel' are invalid.
Could not import relationship with objects ('SWE_gas_oc', 'fuel') into 'unit__commodity': Some of the objects in relationship 'unit__commodity_SWE_gas_oc__fuel' are invalid.
