Could not import relationship with objects ('FIN',) into 'unit__to_node': Incorrect objects '['FIN']' for relationship class 'unit__to_node'.
Could not import relationship with objects ('FIN',) into 'unit__to_node': Incorrect objects '['FIN']' for relationship class 'unit__to_node'.
Could not import relationship with objects ('FIN',) into 'unit__to_node': Incorrect objects '['FIN']' for relationship class 'unit__to_node'.
Could not import relationship with objects ('FIN',) into 'unit__to_node': Incorrect objects '['FIN']' for relationship class 'unit__to_node'.
Could not import relationship with objects ('FIN',) into 'unit__to_node': Incorrect objects '['FIN']' for relationship class 'unit__to_node'.
Could not import relationship with objects ('FIN',) into 'unit__to_node': Incorrect objects '['FIN']' for relationship class 'unit__to_node'.
Could not import relationship with objects ('FIN',) into 'unit__to_node': Incorrect objects '['FIN']' for relationship class 'unit__to_node'.
Could not import relationship with objects ('FIN',) into 'unit__to_node': Incorrect objects '['FIN']' for relationship class 'unit__to_node'.
Could not import relationship with objects ('FIN',) into 'unit__to_node': Incorrect objects '['FIN']' for relationship class 'unit__to_node'.
Could not import relationship with objects ('FIN',) into 'unit__to_node': Incorrect objects '['FIN']' for relationship class 'unit__to_node'.
Could not import relationship with objects ('FIN',) into 'unit__to_node': Incorrect objects '['FIN']' for relationship class 'unit__to_node'.
Could not import relationship with objects ('FIN',) into 'unit__to_node': Incorrect objects '['FIN']' for relationship class 'unit__to_node'.
Could not import relationship with objects ('FIN',) into 'unit__to_node': Incorrect objects '['FIN']' for relationship class 'unit__to_node'.
Could not import relationship with objects ('NOR',) into 'unit__to_node': Incorrect objects '['NOR']' for relationship class 'unit__to_node'.
Could not import relationship with objects ('NOR',) into 'unit__to_node': Incorrect objects '['NOR']' for relationship class 'unit__to_node'.
Could not import relationship with objects ('NOR',) into 'unit__to_node': Incorrect objects '['NOR']' for relationship class 'unit__to_node'.
Could not import relationship with objects ('NOR',) into 'unit__to_node': Incorrect objects '['NOR']' for relationship class 'unit__to_node'.
Could not import relationship with objects ('NOR',) into 'unit__to_node': Incorrect objects '['NOR']' for relationship class 'unit__to_node'.
Could not import relationship with objects ('NOR',) into 'unit__to_node': Incorrect objects '['NOR']' for relationship class 'unit__to_node'.
Could not import relationship with objects ('NOR',) into 'unit__to_node': Incorrect objects '['NOR']' for relationship class 'unit__to_node'.
Could not import relationship with objects ('NOR',) into 'unit__to_node': Incorrect objects '['NOR']' for relationship class 'unit__to_node'.
Could not import relationship with objects ('NOR',) into 'unit__to_node': Incorrect objects '['NOR']' for relationship class 'unit__to_node'.
Could not import relationship with objects ('NOR',) into 'unit__to_node': Incorrect objects '['NOR']' for relationship class 'unit__to_node'.
Could not import relationship with objects ('NOR',) into 'unit__to_node': Incorrect objects '['NOR']' for relationship class 'unit__to_node'.
Could not import relationship with objects ('NOR',) into 'unit__to_node': Incorrect objects '['NOR']' for relationship class 'unit__to_node'.
Could not import relationship with objects ('NOR',) into 'unit__to_node': Incorrect objects '['NOR']' for relationship class 'unit__to_node'.
Could not import relationship with objects ('SWE',) into 'unit__to_node': Incorrect objects '['SWE']' for relationship class 'unit__to_node'.
Could not import relationship with objects ('SWE',) into 'unit__to_node': Incorrect objects '['SWE']' for relationship class 'unit__to_node'.
Could not import relationship with objects ('SWE',) into 'unit__to_node': Incorrect objects '['SWE']' for relationship class 'unit__to_node'.
Could not import relationship with objects ('SWE',) into 'unit__to_node': Incorrect objects '['SWE']' for relationship class 'unit__to_node'.
Could not import relationship with objects ('SWE',) into 'unit__to_node': Incorrect objects '['SWE']' for relationship class 'unit__to_node'.
Could not import relationship with objects ('SWE',) into 'unit__to_node': Incorrect objects '['SWE']' for relationship class 'unit__to_node'.
Could not import relationship with objects ('SWE',) into 'unit__to_node': Incorrect objects '['SWE']' for relationship class 'unit__to_node'.
Could not import relationship with objects ('SWE',) into 'unit__to_node': Incorrect objects '['SWE']' for relationship class 'unit__to_node'.
Could not import relationship with objects ('SWE',) into 'unit__to_node': Incorrect objects '['SWE']' for relationship class 'unit__to_node'.
Could not import relationship with objects ('SWE',) into 'unit__to_node': Incorrect objects '['SWE']' for relationship class 'unit__to_node'.
Could not import relationship with objects ('SWE',) into 'unit__to_node': Incorrect objects '['SWE']' for relationship class 'unit__to_node'.
Could not import relationship with objects ('SWE',) into 'unit__to_node': Incorrect objects '['SWE']' for relationship class 'unit__to_node'.
Could not import relationship with objects ('SWE',) into 'unit__to_node': Incorrect objects '['SWE']' for relationship class 'unit__to_node'.
Could not import relationship with objects ('DEN',) into 'unit__to_node': Incorrect objects '['DEN']' for relationship class 'unit__to_node'.
Could not import relationship with objects ('DEN',) into 'unit__to_node': Incorrect objects '['DEN']' for relationship class 'unit__to_node'.
Could not import relationship with objects ('DEN',) into 'unit__to_node': Incorrect objects '['DEN']' for relationship class 'unit__to_node'.
Could not import relationship with objects ('DEN',) into 'unit__to_node': Incorrect objects '['DEN']' for relationship class 'unit__to_node'.
Could not import relationship with objects ('DEN',) into 'unit__to_node': Incorrect objects '['DEN']' for relationship class 'unit__to_node'.
Could not import relationship with objects ('DEN',) into 'unit__to_node': Incorrect objects '['DEN']' for relationship class 'unit__to_node'.
Could not import relationship with objects ('DEN',) into 'unit__to_node': Incorrect objects '['DEN']' for relationship class 'unit__to_node'.
Could not import relationship with objects ('DEN',) into 'unit__to_node': Incorrect objects '['DEN']' for relationship class 'unit__to_node'.
Could not import relationship with objects ('DEN',) into 'unit__to_node': Incorrect objects '['DEN']' for relationship class 'unit__to_node'.
Could not import relationship with objects ('DEN',) into 'unit__to_node': Incorrect objects '['DEN']' for relationship class 'unit__to_node'.
Could not import relationship with objects ('DEN',) into 'unit__to_node': Incorrect objects '['DEN']' for relationship class 'unit__to_node'.
Could not import relationship with objects ('DEN',) into 'unit__to_node': Incorrect objects '['DEN']' for relationship class 'unit__to_node'.
Could not import relationship with objects ('DEN',) into 'unit__to_node': Incorrect objects '['DEN']' for relationship class 'unit__to_node'.
Could not import relationship with objects ('BAL',) into 'unit__to_node': Incorrect objects '['BAL']' for relationship class 'unit__to_node'.
Could not import relationship with objects ('BAL',) into 'unit__to_node': Incorrect objects '['BAL']' for relationship class 'unit__to_node'.
Could not import relationship with objects ('BAL',) into 'unit__to_node': Incorrect objects '['BAL']' for relationship class 'unit__to_node'.
Could not import relationship with objects ('BAL',) into 'unit__to_node': Incorrect objects '['BAL']' for relationship class 'unit__to_node'.
Could not import relationship with objects ('BAL',) into 'unit__to_node': Incorrect objects '['BAL']' for relationship class 'unit__to_node'.
Could not import relationship with objects ('BAL',) into 'unit__to_node': Incorrect objects '['BAL']' for relationship class 'unit__to_node'.
Could not import relationship with objects ('BAL',) into 'unit__to_node': Incorrect objects '['BAL']' for relationship class 'unit__to_node'.
Could not import relationship with objects ('BAL',) into 'unit__to_node': Incorrect objects '['BAL']' for relationship class 'unit__to_node'.
Could not import relationship with objects ('BAL',) into 'unit__to_node': Incorrect objects '['BAL']' for relationship class 'unit__to_node'.
Could not import relationship with objects ('BAL',) into 'unit__to_node': Incorrect objects '['BAL']' for relationship class 'unit__to_node'.
Could not import relationship with objects ('BAL',) into 'unit__to_node': Incorrect objects '['BAL']' for relationship class 'unit__to_node'.
Could not import relationship with objects ('BAL',) into 'unit__to_node': Incorrect objects '['BAL']' for relationship class 'unit__to_node'.
Could not import relationship with objects ('BAL',) into 'unit__to_node': Incorrect objects '['BAL']' for relationship class 'unit__to_node'.
